<?xml version="1.0" encoding="UTF-8"?>
<testng-results skipped="0" failed="0" ignored="0" total="1" passed="1">
  <reporter-output>
  </reporter-output>
  <suite name="Default suite" duration-ms="21066" started-at="2020-12-01T22:16:33 IST" finished-at="2020-12-01T22:16:54 IST">
    <groups>
    </groups>
    <test name="Default test" duration-ms="21066" started-at="2020-12-01T22:16:33 IST" finished-at="2020-12-01T22:16:54 IST">
      <class name="testcases.Loginapplication">
        <test-method status="PASS" signature="login()[pri:0, instance:testcases.Loginapplication@32709393]" name="login" duration-ms="21012" started-at="2020-12-01T22:16:33 IST" finished-at="2020-12-01T22:16:54 IST">
          <reporter-output>
          </reporter-output>
        </test-method> <!-- login -->
      </class> <!-- testcases.Loginapplication -->
    </test> <!-- Default test -->
  </suite> <!-- Default suite -->
</testng-results>
